<?xml version="1.0" encoding="UTF-8"?>
<!-- Generated by org.testng.reporters.JUnitXMLReporter -->
<testsuite hostname="DESKTOP-H3O127Q" ignored="3" name="Default test(failed)" tests="2" failures="2" timestamp="04 Jun 2019 05:18:24 GMT" time="2617.49" errors="0">
  <testcase name="Verify_RealTimeEvent_API_Response_For_NewEvent" time="1940.621" classname="regressionTests.RegressionCases">
    <failure type="java.lang.AssertionError" message="expected [true] but found [false]">
      <![CDATA[java.lang.AssertionError: expected [true] but found [false]
at regressionTests.RegressionCases.Verify_RealTimeEvent_API_Response_For_NewEvent(RegressionCases.java:86)
... Removed 29 stack frames]]>
    </failure>
  </testcase> <!-- Verify_RealTimeEvent_API_Response_For_NewEvent -->
  <testcase name="Verify_RealtimeSpine_Api" time="676.667" classname="regressionTests.RegressionCases">
    <failure type="java.lang.AssertionError" message="expected [true] but found [false]">
      <![CDATA[java.lang.AssertionError: expected [true] but found [false]
at regressionTests.RegressionCases.Verify_RealtimeSpine_Api(RegressionCases.java:98)
... Removed 29 stack frames]]>
    </failure>
  </testcase> <!-- Verify_RealtimeSpine_Api -->
  <testcase name="Verify_Deleted_Offer_Is_Not_Present_In_CSV" time="0.0" classname="regressionTests.RegressionCases">
    <ignored/>
  </testcase> <!-- Verify_Deleted_Offer_Is_Not_Present_In_CSV -->
  <testcase name="Verify_DownloadedCSV_For_New_version" time="0.0" classname="regressionTests.RegressionCases">
    <ignored/>
  </testcase> <!-- Verify_DownloadedCSV_For_New_version -->
  <testcase name="Verify_DownloadedCSV_For_Existing_Version" time="0.0" classname="regressionTests.RegressionCases">
    <ignored/>
  </testcase> <!-- Verify_DownloadedCSV_For_Existing_Version -->
</testsuite> <!-- Default test(failed) -->
