<?xml version="1.0" encoding="UTF-8"?>
<!-- Generated by org.testng.reporters.JUnitXMLReporter -->
<testsuite hostname="DESKTOP-H3O127Q" ignored="4" name="Default test" tests="1" failures="0" timestamp="29 May 2019 10:37:56 GMT" time="2890.073" errors="0">
  <testcase name="Verify_RealtimeSpine_Api" time="2889.593" classname="regressionTests.RegressionCases"/>
  <testcase name="Verify_Deleted_Offer_Is_Not_Present_In_CSV" time="0.0" classname="regressionTests.RegressionCases">
    <ignored/>
  </testcase> <!-- Verify_Deleted_Offer_Is_Not_Present_In_CSV -->
  <testcase name="Verify_DownloadedCSV_For_New_version" time="0.0" classname="regressionTests.RegressionCases">
    <ignored/>
  </testcase> <!-- Verify_DownloadedCSV_For_New_version -->
  <testcase name="Verify_DownloadedCSV_For_Existing_Version" time="0.0" classname="regressionTests.RegressionCases">
    <ignored/>
  </testcase> <!-- Verify_DownloadedCSV_For_Existing_Version -->
  <testcase name="Verify_RealTimeEvent_API_Response_For_NewEvent" time="0.0" classname="regressionTests.RegressionCases">
    <ignored/>
  </testcase> <!-- Verify_RealTimeEvent_API_Response_For_NewEvent -->
</testsuite> <!-- Default test -->
