<?xml version="1.0" encoding="UTF-8"?>
<!-- Generated by org.testng.reporters.JUnitXMLReporter -->
<testsuite hostname="DESKTOP-H3O127Q" ignored="0" name="Test" tests="4" failures="4" timestamp="20 May 2019 08:13:24 GMT" time="3210.747" errors="0">
  <testcase name="Verify_DownloadedCSV_For_Existing_Version" time="756.975" classname="regressionTests.RegressionCases">
    <failure type="java.lang.AssertionError" message="expected [true] but found [false]">
      <![CDATA[java.lang.AssertionError: expected [true] but found [false]
at regressionTests.RegressionCases.Verify_DownloadedCSV_For_Existing_Version(RegressionCases.java:70)
... Removed 29 stack frames]]>
    </failure>
  </testcase> <!-- Verify_DownloadedCSV_For_Existing_Version -->
  <testcase name="Verify_DownloadedCSV_For_New_version" time="804.097" classname="regressionTests.RegressionCases">
    <failure type="java.lang.AssertionError" message="expected [true] but found [false]">
      <![CDATA[java.lang.AssertionError: expected [true] but found [false]
at regressionTests.RegressionCases.Verify_DownloadedCSV_For_New_version(RegressionCases.java:80)
... Removed 29 stack frames]]>
    </failure>
  </testcase> <!-- Verify_DownloadedCSV_For_New_version -->
  <testcase name="Verify_RealTimeEvent_API_Response_For_NewEvent" time="1251.293" classname="regressionTests.RegressionCases">
    <failure type="java.lang.AssertionError" message="expected [true] but found [false]">
      <![CDATA[java.lang.AssertionError: expected [true] but found [false]
at regressionTests.RegressionCases.Verify_RealTimeEvent_API_Response_For_NewEvent(RegressionCases.java:86)
... Removed 29 stack frames]]>
    </failure>
  </testcase> <!-- Verify_RealTimeEvent_API_Response_For_NewEvent -->
  <testcase name="Verify_Deleted_Offer_Is_Not_Present_In_CSV" time="398.276" classname="regressionTests.RegressionCases">
    <failure type="java.lang.NullPointerException">
      <![CDATA[java.lang.NullPointerException
at driver.ActionClass.checkboxSelect(ActionClass.java:1059)
at driver.DriverEngine.mainMethod(DriverEngine.java:267)
at regressionTests.RegressionCases.Verify_Deleted_Offer_Is_Not_Present_In_CSV(RegressionCases.java:92)
... Removed 25 stack frames]]>
    </failure>
  </testcase> <!-- Verify_Deleted_Offer_Is_Not_Present_In_CSV -->
</testsuite> <!-- Test -->
